<?xml version="1.0" encoding="UTF-8"?>
<testng-results ignored="0" total="1" passed="1" failed="0" skipped="0">
  <reporter-output>
  </reporter-output>
  <suite started-at="2025-08-20T12:40:38 IST" name="Default suite" finished-at="2025-08-20T12:41:24 IST" duration-ms="45852">
    <groups>
    </groups>
    <test started-at="2025-08-20T12:40:38 IST" name="Default test" finished-at="2025-08-20T12:41:24 IST" duration-ms="45852">
      <class name="tests.EmployeeTest">
        <test-method is-config="true" signature="setup()[pri:0, instance:tests.EmployeeTest@4d9e68d0]" started-at="2025-08-20T12:40:38 IST" name="setup" finished-at="2025-08-20T12:40:49 IST" duration-ms="10950" status="PASS">
          <reporter-output>
          </reporter-output>
        </test-method> <!-- setup -->
        <test-method signature="testAddAndVerifyEmployees()[pri:0, instance:tests.EmployeeTest@4d9e68d0]" started-at="2025-08-20T12:40:49 IST" name="testAddAndVerifyEmployees" finished-at="2025-08-20T12:41:22 IST" duration-ms="33291" status="PASS">
          <reporter-output>
          </reporter-output>
        </test-method> <!-- testAddAndVerifyEmployees -->
        <test-method is-config="true" signature="tearDown()[pri:0, instance:tests.EmployeeTest@4d9e68d0]" started-at="2025-08-20T12:41:22 IST" name="tearDown" finished-at="2025-08-20T12:41:24 IST" duration-ms="1549" status="PASS">
          <reporter-output>
          </reporter-output>
        </test-method> <!-- tearDown -->
      </class> <!-- tests.EmployeeTest -->
    </test> <!-- Default test -->
  </suite> <!-- Default suite -->
</testng-results>
